<?xml version="1.0" encoding="UTF-8"?>
<!-- Generated by org.testng.reporters.JUnitReportReporter -->
<testsuite hostname="DESKTOP-3CNBKPE" failures="0" tests="5" name="testNGFeatures.concept.SampleTest" time="0.025" errors="0" timestamp="2023-07-12T22:29:31 IST" skipped="0">
  <testcase classname="testNGFeatures.concept.SampleTest" name="launchBrowser" time="0.006"/>
  <testcase classname="testNGFeatures.concept.SampleTest" name="launchBrowser" time="0.004"/>
  <testcase classname="testNGFeatures.concept.SampleTest" name="launchBrowser" time="0.008"/>
  <testcase classname="testNGFeatures.concept.SampleTest" name="SearchItem" time="0.004"/>
  <testcase classname="testNGFeatures.concept.SampleTest" name="SearchItem" time="0.003"/>
</testsuite> <!-- testNGFeatures.concept.SampleTest -->
