<?xml version="1.0" encoding="UTF-8"?>
<!-- Generated by org.testng.reporters.JUnitReportReporter -->
<testsuite hostname="DESKTOP-3CNBKPE" failures="0" tests="1" name="testNGFeatures.concept.PartialgroupExample" time="0.010" errors="0" timestamp="2023-07-12T14:02:13 IST" skipped="0">
  <testcase classname="testNGFeatures.concept.PartialgroupExample" name="test1" time="0.010"/>
</testsuite> <!-- testNGFeatures.concept.PartialgroupExample -->
