<?xml version="1.0" encoding="UTF-8"?>
<!-- Generated by org.testng.reporters.JUnitReportReporter -->
<testsuite hostname="LP2-AP-51992450" failures="0" tests="1" name="testNGFeatures.concept.PartialgroupExample" time="0.007" errors="0" timestamp="12 Jul 2023 08:10:51 GMT" skipped="0">
  <testcase classname="testNGFeatures.concept.PartialgroupExample" name="test1" time="0.007"/>
</testsuite> <!-- testNGFeatures.concept.PartialgroupExample -->
