<?xml version="1.0" encoding="UTF-8"?>
<!-- Generated by org.testng.reporters.JUnitReportReporter -->
<testsuite hostname="DESKTOP-3CNBKPE" failures="0" tests="5" name="testNGFeatures.concept.SampleTest2" time="0.016" errors="0" timestamp="2023-07-14T11:28:36 IST" skipped="0">
  <testcase classname="testNGFeatures.concept.SampleTest2" name="launchBrowser" time="0.002"/>
  <testcase classname="testNGFeatures.concept.SampleTest2" name="launchBrowser" time="0.002"/>
  <testcase classname="testNGFeatures.concept.SampleTest2" name="launchBrowser" time="0.007"/>
  <testcase classname="testNGFeatures.concept.SampleTest2" name="SearchItem" time="0.002"/>
  <testcase classname="testNGFeatures.concept.SampleTest2" name="SearchItem" time="0.003"/>
</testsuite> <!-- testNGFeatures.concept.SampleTest2 -->
