<?xml version="1.0" encoding="UTF-8"?>
<!-- Generated by org.testng.reporters.JUnitReportReporter -->
<testsuite hostname="DESKTOP-3CNBKPE" failures="0" tests="1" name="com.selenium.alert.AlertExample" time="7.358" errors="0" timestamp="2023-07-13T18:34:50 IST" skipped="0">
  <testcase classname="com.selenium.alert.AlertExample" name="verifyAlertTest" time="7.358"/>
</testsuite> <!-- com.selenium.alert.AlertExample -->
