<?xml version="1.0" encoding="UTF-8"?>
<!-- Generated by org.testng.reporters.JUnitReportReporter -->
<testsuite hostname="LP2-AP-51992450" failures="0" tests="1" name="testNGFeatures.concept.GroupsConcept$Test1" time="0.007" errors="0" timestamp="12 Jul 2023 07:57:34 GMT" skipped="0">
  <testcase classname="testNGFeatures.concept.GroupsConcept$Test1" name="testMethod3" time="0.007"/>
</testsuite> <!-- testNGFeatures.concept.GroupsConcept$Test1 -->
