<?xml version="1.0" encoding="UTF-8"?>
<!-- Generated by org.testng.reporters.JUnitReportReporter -->
<testsuite hostname="LP2-AP-51992450" failures="0" tests="5" name="testNGFeatures.concept.SampleTest2" time="0.010" errors="0" timestamp="12 Jul 2023 07:11:03 GMT" skipped="0">
  <testcase classname="testNGFeatures.concept.SampleTest2" name="launchBrowser" time="0.002"/>
  <testcase classname="testNGFeatures.concept.SampleTest2" name="launchBrowser" time="0.000"/>
  <testcase classname="testNGFeatures.concept.SampleTest2" name="launchBrowser" time="0.006"/>
  <testcase classname="testNGFeatures.concept.SampleTest2" name="SearchItem" time="0.001"/>
  <testcase classname="testNGFeatures.concept.SampleTest2" name="SearchItem" time="0.001"/>
</testsuite> <!-- testNGFeatures.concept.SampleTest2 -->
