<?xml version="1.0" encoding="UTF-8"?>
<!-- Generated by org.testng.reporters.JUnitReportReporter -->
<testsuite hostname="DESKTOP-3CNBKPE" failures="0" tests="1" name="navigationcommands.NavigationPage" time="11.086" errors="0" timestamp="2023-07-14T13:38:24 IST" skipped="0">
  <testcase classname="navigationcommands.NavigationPage" name="verifyNavigation" time="11.086"/>
</testsuite> <!-- navigationcommands.NavigationPage -->
